<?xml version="1.0" encoding="UTF-8"?>
<!-- Generated by org.testng.reporters.JUnitReportReporter -->
<testsuite hostname="DESKTOP-966SGSR" failures="0" tests="3" name="com.simplilearn.driver_your_way_test" time="31.327" errors="0" timestamp="2022-10-13T19:44:57 IST" skipped="0">
  <testcase classname="com.simplilearn.driver_your_way_test" name="initialization_T0" time="3.157"/>
  <system-out/>
  <testcase classname="com.simplilearn.driver_your_way_test" name="cross_T2" time="16.606"/>
  <system-out/>
  <testcase classname="com.simplilearn.driver_your_way_test" name="cross_T1" time="11.564"/>
  <system-out/>
</testsuite> <!-- com.simplilearn.driver_your_way_test -->
